* using log directory ‘/Users/johngavin/docs_gh/proj/stats/simulations/pi/coinpi.Rcheck’
* using R version 4.5.2 (2025-10-31)
* using platform: aarch64-apple-darwin25.2.0
* R was compiled by
    clang version 21.1.8
    GNU Fortran (GCC) 15.2.0
* running under: macOS Tahoe 26.2
* using session charset: UTF-8
* using options ‘--no-manual --as-cran’
* checking for file ‘coinpi/DESCRIPTION’ ... OK
* checking extension type ... Package
* this is package ‘coinpi’ version ‘0.0.0.9000’
* package encoding: UTF-8
* checking CRAN incoming feasibility ... NOTE
Maintainer: ‘John Gavin <john@example.com>’

New submission

Version contains large components (0.0.0.9000)

Found the following (possibly) invalid URLs:
  URL: https://statmodeling.stat.columbia.edu/2026/02/21/computing-pi-by-flipping-a-coin/
    From: DESCRIPTION
          man/coinpi-package.Rd
    Status: 403
    Message: Forbidden
* checking package namespace information ... OK
* checking package dependencies ... OK
* checking if this is a source package ... OK
* checking if there is a namespace ... OK
* checking for executable files ... OK
* checking for hidden files and directories ... OK
* checking for portable file names ... OK
* checking for sufficient/correct file permissions ... OK
* checking serialization versions ... OK
* checking whether package ‘coinpi’ can be installed ... OK
* checking installed package size ... OK
* checking package directory ... OK
* checking for future file timestamps ... OK
* checking ‘build’ directory ... OK
* checking DESCRIPTION meta-information ... OK
* checking top-level files ... NOTE
Non-standard file/directory found at top level:
  ‘AGENTS.md’
* checking for left-over files ... OK
* checking index information ... OK
* checking package subdirectories ... OK
* checking code files for non-ASCII characters ... OK
* checking R files for syntax errors ... OK
* checking whether the package can be loaded ... OK
* checking whether the package can be loaded with stated dependencies ... OK
* checking whether the package can be unloaded cleanly ... OK
* checking whether the namespace can be loaded with stated dependencies ... OK
* checking whether the namespace can be unloaded cleanly ... OK
* checking loading without being on the library search path ... OK
* checking use of S3 registration ...